<?xml version="1.0" encoding="UTF-8"?>
<testsuite name="com.bridgwater.utils.MathUtilsTest$AdditionTest" tests="2" skipped="0" failures="0" errors="0" timestamp="2020-05-29T21:15:30" hostname="DESKTOP-41B375O" time="0.02">
  <properties/>
  <testcase name="testAddMethod()" classname="com.bridgwater.utils.MathUtilsTest$AdditionTest" time="0.008"/>
  <testcase name="testAddNegativeNumbersMethod()" classname="com.bridgwater.utils.MathUtilsTest$AdditionTest" time="0.008"/>
  <system-out><![CDATA[]]></system-out>
  <system-err><![CDATA[]]></system-err>
</testsuite>
