<?xml version="1.0" encoding="UTF-8"?>
<testsuite name="com.bridgwater.utils.MathUtilsTest" tests="1" skipped="0" failures="0" errors="0" timestamp="2020-05-29T23:54:12" hostname="DESKTOP-41B375O" time="0.121">
  <properties/>
  <testcase name="testMultiplyMethod()" classname="com.bridgwater.utils.MathUtilsTest" time="0.121"/>
  <system-out><![CDATA[]]></system-out>
  <system-err><![CDATA[]]></system-err>
</testsuite>
