<?xml version="1.0" encoding="UTF-8"?>
<testsuite name="com.bridgwater.utils.MathUtilsTest$DivisionTests" tests="4" skipped="0" failures="0" errors="0" timestamp="2020-05-29T23:54:13" hostname="DESKTOP-41B375O" time="0.061">
  <properties/>
  <testcase name="testDivideMethod()" classname="com.bridgwater.utils.MathUtilsTest$DivisionTests" time="0.009"/>
  <testcase name="testDivideNegativeNumbersMethod()" classname="com.bridgwater.utils.MathUtilsTest$DivisionTests" time="0.005"/>
  <testcase name="testDivideByZeroMethod()" classname="com.bridgwater.utils.MathUtilsTest$DivisionTests" time="0.008"/>
  <testcase name="testDividePostiveAndNegativeNumbersMethod()" classname="com.bridgwater.utils.MathUtilsTest$DivisionTests" time="0.004"/>
  <system-out><![CDATA[]]></system-out>
  <system-err><![CDATA[]]></system-err>
</testsuite>
